mylibrary/build/outputs/mapping/release/usage.txt
io.github.krysiel86.BuildConfig
io.github.krysiel86.Krysiel:
    public void krysiel(java.lang.String)
io.github.krysiel86.TestLog:
    public void Test()
    public void TestLog(java.lang.String)
io.github.krysiel86.mobile.AdSize
io.github.krysiel86.mobile.AdUnit$1
io.github.krysiel86.mobile.AdUnit$2
io.github.krysiel86.mobile.AdUnit
io.github.krysiel86.mobile.BannerAdUnit
io.github.krysiel86.mobile.BannerBaseAdUnit$Parameters
io.github.krysiel86.mobile.BannerBaseAdUnit
io.github.krysiel86.mobile.BannerParameters
io.github.krysiel86.mobile.BidLog$BidLogEntry
io.github.krysiel86.mobile.BidLog
io.github.krysiel86.mobile.CacheManager$CacheExpiryListener
io.github.krysiel86.mobile.CacheManager
io.github.krysiel86.mobile.ClickTracker$1
io.github.krysiel86.mobile.ClickTracker$2
io.github.krysiel86.mobile.ClickTracker
io.github.krysiel86.mobile.ClickTrackerListener
io.github.krysiel86.mobile.ContentObject$ProducerObject
io.github.krysiel86.mobile.ContentObject
io.github.krysiel86.mobile.DataObject$SegmentObject
io.github.krysiel86.mobile.DataObject
io.github.krysiel86.mobile.ExternalUserId
io.github.krysiel86.mobile.Host
io.github.krysiel86.mobile.ImpressionTracker$1
io.github.krysiel86.mobile.ImpressionTracker$2
io.github.krysiel86.mobile.ImpressionTracker$ImpressionListener
io.github.krysiel86.mobile.ImpressionTracker
io.github.krysiel86.mobile.ImpressionTrackerListener
io.github.krysiel86.mobile.InStreamVideoAdUnit
io.github.krysiel86.mobile.InterstitialAdUnit
io.github.krysiel86.mobile.LogUtil
io.github.krysiel86.mobile.NativeAdUnit$1
io.github.krysiel86.mobile.NativeAdUnit$CONTEXTSUBTYPE
io.github.krysiel86.mobile.NativeAdUnit$CONTEXT_TYPE
io.github.krysiel86.mobile.NativeAdUnit$PLACEMENTTYPE
io.github.krysiel86.mobile.NativeAdUnit
io.github.krysiel86.mobile.NativeAsset$REQUEST_ASSET
io.github.krysiel86.mobile.NativeAsset
io.github.krysiel86.mobile.NativeData$1
io.github.krysiel86.mobile.NativeData$Type
io.github.krysiel86.mobile.NativeData
io.github.krysiel86.mobile.NativeDataAsset$DATA_TYPE
io.github.krysiel86.mobile.NativeDataAsset
io.github.krysiel86.mobile.NativeEventTracker$EVENT_TRACKING_METHOD
io.github.krysiel86.mobile.NativeEventTracker$EVENT_TYPE
io.github.krysiel86.mobile.NativeEventTracker
io.github.krysiel86.mobile.NativeImage$1
io.github.krysiel86.mobile.NativeImage$Type
io.github.krysiel86.mobile.NativeImage
io.github.krysiel86.mobile.NativeImageAsset$IMAGE_TYPE
io.github.krysiel86.mobile.NativeImageAsset
io.github.krysiel86.mobile.NativeParameters
io.github.krysiel86.mobile.NativeTitle
io.github.krysiel86.mobile.NativeTitleAsset
io.github.krysiel86.mobile.OnCompleteListener2
io.github.krysiel86.mobile.OnCompleteListener
io.github.krysiel86.mobile.ParametersMatcher
io.github.krysiel86.mobile.PrebidMobile$LogLevel
io.github.krysiel86.mobile.PrebidMobile
io.github.krysiel86.mobile.PrebidNativeAd$1
io.github.krysiel86.mobile.PrebidNativeAd$2
io.github.krysiel86.mobile.PrebidNativeAd$CacheExpireListenerImpl
io.github.krysiel86.mobile.PrebidNativeAd
io.github.krysiel86.mobile.PrebidNativeAdEventListener
io.github.krysiel86.mobile.PrebidNativeAdListener
io.github.krysiel86.mobile.ResultCode
io.github.krysiel86.mobile.RewardedVideoAdUnit
io.github.krysiel86.mobile.SharedNetworkManager$1$1
io.github.krysiel86.mobile.SharedNetworkManager$1
io.github.krysiel86.mobile.SharedNetworkManager$UrlObject
io.github.krysiel86.mobile.SharedNetworkManager
io.github.krysiel86.mobile.Signals$1
io.github.krysiel86.mobile.Signals$Api
io.github.krysiel86.mobile.Signals$Placement
io.github.krysiel86.mobile.Signals$PlaybackMethod
io.github.krysiel86.mobile.Signals$Protocols
io.github.krysiel86.mobile.Signals$SingleContainerInt
io.github.krysiel86.mobile.Signals$StartDelay
io.github.krysiel86.mobile.Signals
io.github.krysiel86.mobile.StorageUtils
io.github.krysiel86.mobile.TargetingParams$1
io.github.krysiel86.mobile.TargetingParams$GENDER
io.github.krysiel86.mobile.TargetingParams
io.github.krysiel86.mobile.Util$Function1